<?xml version="1.0" encoding="UTF-8"?>
<!-- Generated by org.testng.reporters.JUnitReportReporter -->
<testsuite skipped="0" hostname="DESKTOP-IO5D8HU" name="mywebapp.app.test.WaesUserFormTest" tests="2" failures="0" timestamp="30 Jul 2018 20:27:08 GMT" time="17.927" errors="0">
  <testcase name="fillDetails" time="9.247" classname="mywebapp.app.test.WaesUserFormTest"/>
  <testcase name="searchDetailsUser" time="8.680" classname="mywebapp.app.test.WaesUserFormTest"/>
</testsuite> <!-- mywebapp.app.test.WaesUserFormTest -->
